<?xml version="1.0" encoding="UTF-8"?>
<!-- Generated by org.testng.reporters.JUnitReportReporter -->
<testsuite hostname="ABHUMI" failures="0" tests="1" name="Test1.FirstTest" time="0.003" errors="0" timestamp="13 Apr 2021 23:25:52 GMT" skipped="0">
  <testcase classname="Test1.FirstTest" name="sum" time="0.003"/>
</testsuite> <!-- Test1.FirstTest -->
