<?xml version="1.0" encoding="UTF-8"?>
<!-- Generated by org.testng.reporters.JUnitReportReporter -->
<testsuite hostname="ABHUMI" failures="0" tests="3" name="gsa.GsaTest" time="13.963" errors="0" timestamp="22 Apr 2021 11:32:36 GMT" skipped="0">
  <testcase classname="gsa.GsaTest" name="singleSearchNSNCLass" time="0.177"/>
  <testcase classname="gsa.GsaTest" name="launchURl" time="7.540"/>
  <testcase classname="gsa.GsaTest" name="searchNSNCLass" time="6.246"/>
</testsuite> <!-- gsa.GsaTest -->
